[crowdytheme.com/wp/arolax/creative-portfolio/full-width-slicer-slider/index.html]
[backblue.gif]
[fade.gif]
[index.html]
[crowdytheme.com/wp/arolax/creative-portfolio/wp-content/cache/min/26/wp/arolax/creative-portfolio/wp-content/plugins/animation-addons-for-elementor/assets/css/wcf-addons7b52.css]
[crowdytheme.com/wp/arolax/creative-portfolio/wp-content/cache/min/26/wp/arolax/creative-portfolio/wp-content/plugins/extension-for-animation-addons/assets/css/magnific-popup7b52.css]
[crowdytheme.com/wp/arolax/creative-portfolio/wp-content/cache/min/26/wp/arolax/creative-portfolio/wp-content/plugins/extension-for-animation-addons/assets/css/wcf-addons-ex7b52.css]
[crowdytheme.com/wp/arolax/creative-portfolio/wp-content/cache/min/26/wp/arolax/creative-portfolio/wp-content/plugins/wcf-addons-pro/assets/css/wcf-addons-pro7b52.css]
[crowdytheme.com/wp/arolax/creative-portfolio/wp-content/themes/arolax/assets/css/meanmenu.min77ae.css]
[crowdytheme.com/wp/arolax/creative-portfolio/wp-content/themes/arolax/assets/css/bootstrap.min77ae.css]
[crowdytheme.com/wp/arolax/creative-portfolio/wp-content/cache/min/26/wp/arolax/creative-portfolio/wp-content/themes/arolax/assets/css/master7b52.css]
[crowdytheme.com/wp/arolax/creative-portfolio/wp-content/cache/min/26/wp/arolax/creative-portfolio/wp-content/themes/arolax/assets/css/custom-icons.min7b52.css]
[crowdytheme.com/wp/arolax/creative-portfolio/wp-content/uploads/sites/26/elementor/css/custom-frontend-lite.min3c04.css]
[crowdytheme.com/wp/arolax/creative-portfolio/wp-content/cache/min/26/wp/arolax/creative-portfolio/wp-content/plugins/elementor/assets/lib/swiper/v8/css/swiper.min7b52.css]
[crowdytheme.com/wp/arolax/creative-portfolio/wp-content/uploads/sites/26/elementor/css/post-3b6e7.css]
[crowdytheme.com/wp/arolax/creative-portfolio/wp-content/uploads/sites/26/elementor/css/global5b9a.css]
[crowdytheme.com/wp/arolax/creative-portfolio/wp-content/uploads/sites/26/elementor/css/post-729645df.css]
[crowdytheme.com/wp/arolax/creative-portfolio/wp-includes/js/jquery/jquery.minf43b.js]
[crowdytheme.com/wp/arolax/creative-portfolio/wp-includes/js/jquery/jquery-migrate.min5589.js]
[crowdytheme.com/wp/arolax/creative-portfolio/wp-content/uploads/sites/26/2024/07/cropped-fav-brand-32x32.png]
[crowdytheme.com/wp/arolax/creative-portfolio/wp-content/uploads/sites/26/2024/07/cropped-fav-brand-192x192.png]
[crowdytheme.com/wp/arolax/creative-portfolio/wp-content/uploads/sites/26/2024/07/cropped-fav-brand-180x180.png]
[crowdytheme.com/wp/arolax/creative-portfolio/wp-content/uploads/sites/26/2024/07/logo-1.png]
[crowdytheme.com/wp/arolax/creative-portfolio/wp-content/uploads/sites/26/elementor/css/post-793044bd.css]
[crowdytheme.com/wp/arolax/creative-portfolio/wp-content/cache/min/26/wp/arolax/creative-portfolio/wp-content/plugins/arolax-essential/assets/css/arolax-button7b52.css]
[crowdytheme.com/wp/arolax/creative-portfolio/wp-content/cache/min/26/wp/arolax/creative-portfolio/wp-content/plugins/wcf-addons-pro/assets/css/widgets/advance-slider7b52.css]
[crowdytheme.com/wp/arolax/creative-portfolio/wp-content/cache/min/26/wp/arolax/creative-portfolio/wp-content/plugins/animation-addons-for-elementor/assets/css/widgets/button7b52.css]
[crowdytheme.com/wp/arolax/creative-portfolio/wp-content/plugins/arolax-essential/assets/js/wcf--global-core.min109c.js]
[crowdytheme.com/wp/arolax/creative-portfolio/wp-content/cache/min/26/wp/arolax/creative-portfolio/wp-content/plugins/animation-addons-for-elementor/assets/js/wcf-addons7b52.js]
[crowdytheme.com/wp/arolax/creative-portfolio/wp-content/plugins/extension-for-animation-addons/assets/lib/gsap.min109c.js]
[crowdytheme.com/wp/arolax/creative-portfolio/wp-content/plugins/extension-for-animation-addons/assets/lib/ScrollSmoother.min109c.js]
[crowdytheme.com/wp/arolax/creative-portfolio/wp-content/plugins/extension-for-animation-addons/assets/lib/ScrollToPlugin.min109c.js]
[crowdytheme.com/wp/arolax/creative-portfolio/wp-content/plugins/extension-for-animation-addons/assets/lib/ScrollTrigger.min109c.js]
[crowdytheme.com/wp/arolax/creative-portfolio/wp-content/plugins/extension-for-animation-addons/assets/lib/SplitText.min109c.js]
[crowdytheme.com/wp/arolax/creative-portfolio/wp-content/plugins/extension-for-animation-addons/assets/lib/jquery.magnific-popup.min109c.js]
[crowdytheme.com/wp/arolax/creative-portfolio/wp-content/plugins/extension-for-animation-addons/assets/lib/mixitup.min109c.js]
[crowdytheme.com/wp/arolax/creative-portfolio/wp-content/cache/min/26/wp/arolax/creative-portfolio/wp-content/plugins/extension-for-animation-addons/assets/js/wcf-addons-ex7b52.js]
[crowdytheme.com/wp/arolax/creative-portfolio/wp-content/cache/min/26/wp/arolax/creative-portfolio/wp-content/plugins/wcf-addons-pro/assets/js/wcf-addons-pro7b52.js]
[crowdytheme.com/wp/arolax/creative-portfolio/wp-content/themes/arolax/assets/js/bootstrap.bundle.min77ae.js]
[crowdytheme.com/wp/arolax/creative-portfolio/wp-content/plugins/arolax-essential/assets/js/jquery.meanmenu.min109c.js]
[crowdytheme.com/wp/arolax/creative-portfolio/wp-content/cache/min/26/wp/arolax/creative-portfolio/wp-content/themes/arolax/assets/js/script7b52.js]
[crowdytheme.com/wp/arolax/creative-portfolio/wp-content/cache/min/26/wp/arolax/creative-portfolio/wp-content/plugins/animation-addons-for-elementor/assets/js/widgets/nav-menu7b52.js]
[crowdytheme.com/wp/arolax/creative-portfolio/wp-content/cache/min/26/wp/arolax/creative-portfolio/wp-content/plugins/wcf-addons-pro/assets/js/advance-slider-effects7b52.js]
[crowdytheme.com/wp/arolax/creative-portfolio/wp-content/cache/min/26/wp/arolax/creative-portfolio/wp-content/plugins/wcf-addons-pro/assets/js/advance-slider7b52.js]
[crowdytheme.com/wp/arolax/creative-portfolio/wp-content/plugins/elementor/assets/js/webpack.runtime.mind5d5.js]
[crowdytheme.com/wp/arolax/creative-portfolio/wp-content/plugins/elementor/assets/js/frontend-modules.mind5d5.js]
[crowdytheme.com/wp/arolax/creative-portfolio/wp-content/plugins/elementor/assets/lib/waypoints/waypoints.min05da.js]
[crowdytheme.com/wp/arolax/creative-portfolio/wp-includes/js/jquery/ui/core.minb37e.js]
[crowdytheme.com/wp/arolax/creative-portfolio/wp-content/plugins/elementor/assets/js/frontend.mind5d5.js]
[crowdytheme.com/wp/arolax/creative-portfolio/full-width-slicer-slider/index.html]
[crowdytheme.com/wp/arolax/creative-portfolio/wp-content/cache/min/26/wp/arolax/creative-portfolio/wp-content/plugins/animation-addons-for-elementor/assets/css/wcf-addons7b52.css]
[crowdytheme.com/wp/arolax/creative-portfolio/wp-content/cache/min/26/wp/arolax/creative-portfolio/wp-content/plugins/extension-for-animation-addons/assets/css/magnific-popup7b52.css]
[crowdytheme.com/wp/arolax/creative-portfolio/wp-content/cache/min/26/wp/arolax/creative-portfolio/wp-content/plugins/extension-for-animation-addons/assets/css/wcf-addons-ex7b52.css]
[crowdytheme.com/wp/arolax/creative-portfolio/wp-content/cache/min/26/wp/arolax/creative-portfolio/wp-content/plugins/wcf-addons-pro/assets/css/wcf-addons-pro7b52.css]
[crowdytheme.com/wp/arolax/creative-portfolio/wp-content/themes/arolax/assets/css/meanmenu.min77ae.css]
[crowdytheme.com/wp/arolax/creative-portfolio/wp-content/themes/arolax/assets/css/bootstrap.min77ae.css]
[crowdytheme.com/wp/arolax/creative-portfolio/wp-content/themes/arolax/assets/imgs/writer/go-top.png]
[crowdytheme.com/wp/arolax/creative-portfolio/wp-content/cache/min/26/wp/arolax/creative-portfolio/wp-content/themes/arolax/assets/css/master7b52.css]
[crowdytheme.com/wp/arolax/creative-portfolio/wp-content/cache/min/26/wp/arolax/creative-portfolio/wp-content/themes/arolax/assets/css/custom-icons.min7b52.css]
[crowdytheme.com/wp/arolax/creative-portfolio/wp-content/uploads/sites/26/elementor/css/custom-frontend-lite.min3c04.css]
[crowdytheme.com/wp/arolax/creative-portfolio/wp-content/cache/min/26/wp/arolax/creative-portfolio/wp-content/plugins/elementor/assets/lib/swiper/v8/css/swiper.min7b52.css]
[crowdytheme.com/wp/arolax/creative-portfolio/wp-content/uploads/sites/26/elementor/css/post-3b6e7.css]
[crowdytheme.com/wp/arolax/creative-portfolio/wp-content/uploads/sites/26/elementor/css/global5b9a.css]
[crowdytheme.com/wp/arolax/creative-portfolio/wp-content/plugins/elementor/assets/images/placeholder.png]
[crowdytheme.com/wp/arolax/creative-portfolio/wp-content/uploads/sites/26/elementor/css/post-729645df.css]
[crowdytheme.com/wp/arolax/creative-portfolio/wp-includes/js/jquery/jquery.minf43b.js]
[crowdytheme.com/wp/arolax/creative-portfolio/wp-includes/js/jquery/jquery-migrate.min5589.js]
[crowdytheme.com/wp/arolax/creative-portfolio/wp-content/uploads/sites/26/elementor/css/post-793044bd.css]
[crowdytheme.com/wp/arolax/creative-portfolio/wp-content/cache/min/26/wp/arolax/creative-portfolio/wp-content/plugins/arolax-essential/assets/css/arolax-button7b52.css]
[crowdytheme.com/wp/arolax/creative-portfolio/wp-content/cache/min/26/wp/arolax/creative-portfolio/wp-content/plugins/wcf-addons-pro/assets/css/widgets/advance-slider7b52.css]
[crowdytheme.com/wp/arolax/creative-portfolio/wp-content/plugins/animation-addons-for-elementor/assets/images/mask-btn.png]
[crowdytheme.com/wp/arolax/creative-portfolio/wp-content/cache/min/26/wp/arolax/creative-portfolio/wp-content/plugins/animation-addons-for-elementor/assets/css/widgets/button7b52.css]
[crowdytheme.com/wp/arolax/creative-portfolio/wp-content/plugins/arolax-essential/assets/js/wcf--global-core.min109c.js]
[crowdytheme.com/wp/arolax/creative-portfolio/wp-content/cache/min/26/wp/arolax/creative-portfolio/wp-content/plugins/animation-addons-for-elementor/assets/js/wcf-addons7b52.js]
[crowdytheme.com/wp/arolax/creative-portfolio/wp-content/plugins/extension-for-animation-addons/assets/lib/gsap.min109c.js]
[crowdytheme.com/wp/arolax/creative-portfolio/wp-content/plugins/extension-for-animation-addons/assets/lib/ScrollSmoother.min109c.js]
[crowdytheme.com/wp/arolax/creative-portfolio/wp-content/plugins/extension-for-animation-addons/assets/lib/ScrollToPlugin.min109c.js]
[crowdytheme.com/wp/arolax/creative-portfolio/wp-content/plugins/extension-for-animation-addons/assets/lib/ScrollTrigger.min109c.js]
[crowdytheme.com/wp/arolax/creative-portfolio/wp-content/plugins/extension-for-animation-addons/assets/lib/SplitText.min109c.js]
[crowdytheme.com/wp/arolax/creative-portfolio/wp-content/plugins/extension-for-animation-addons/assets/lib/jquery.magnific-popup.min109c.js]
[crowdytheme.com/wp/arolax/creative-portfolio/wp-content/plugins/extension-for-animation-addons/assets/lib/mixitup.min109c.js]
[crowdytheme.com/wp/arolax/creative-portfolio/wp-content/cache/min/26/wp/arolax/creative-portfolio/wp-content/plugins/extension-for-animation-addons/assets/js/wcf-addons-ex7b52.js]
[crowdytheme.com/wp/arolax/creative-portfolio/full-width-slicer-slider/.part]
[crowdytheme.com/wp/arolax/creative-portfolio/wp-content/cache/min/26/wp/arolax/creative-portfolio/wp-content/plugins/wcf-addons-pro/assets/js/wcf-addons-pro7b52.js]
[crowdytheme.com/wp/arolax/creative-portfolio/wp-content/themes/arolax/assets/js/bootstrap.bundle.min77ae.js]
[crowdytheme.com/wp/arolax/creative-portfolio/wp-content/plugins/arolax-essential/assets/js/jquery.meanmenu.min109c.js]
[crowdytheme.com/wp/arolax/creative-portfolio/wp-content/cache/min/26/wp/arolax/creative-portfolio/wp-content/themes/arolax/assets/js/script7b52.js]
[crowdytheme.com/wp/arolax/creative-portfolio/wp-content/plugins/wp-rocket/assets/js/heartbeatafc7.js]
[crowdytheme.com/wp/arolax/creative-portfolio/wp-content/cache/min/26/wp/arolax/creative-portfolio/wp-content/plugins/animation-addons-for-elementor/assets/js/widgets/nav-menu7b52.js]
[crowdytheme.com/wp/arolax/creative-portfolio/wp-content/cache/min/26/wp/arolax/creative-portfolio/wp-content/plugins/wcf-addons-pro/assets/js/advance-slider-effects7b52.js]
[crowdytheme.com/wp/arolax/creative-portfolio/wp-content/cache/min/26/wp/arolax/creative-portfolio/wp-content/plugins/wcf-addons-pro/assets/js/advance-slider7b52.js]
[crowdytheme.com/wp/arolax/creative-portfolio/wp-content/plugins/elementor/assets/js/webpack.runtime.mind5d5.js]
[crowdytheme.com/wp/arolax/creative-portfolio/wp-content/plugins/elementor/assets/js/frontend-modules.mind5d5.js]
[crowdytheme.com/wp/arolax/creative-portfolio/wp-content/plugins/elementor/assets/lib/waypoints/waypoints.min05da.js]
[crowdytheme.com/wp/arolax/creative-portfolio/wp-includes/js/jquery/ui/core.minb37e.js]
[crowdytheme.com/wp/arolax/creative-portfolio/full-width-slicer-slider/-negative.svg]
[crowdytheme.com/wp/arolax/creative-portfolio/wp-content/plugins/elementor/assets/js/frontend.mind5d5.js]
[crowdytheme.com/wp/arolax/creative-portfolio/wp-content/themes/arolax/assets/imgs/writer/go-top.html]
[crowdytheme.com/wp/arolax/creative-portfolio/full-width-slicer-slider/.html]
[crowdytheme.com/wp/arolax/creative-portfolio/full-width-slicer-slider/-negative.html]
[crowdytheme.com/wp/arolax/creative-portfolio/full-width-slicer-slider/OPR/index.html]
[crowdytheme.com/wp/arolax/creative-portfolio/full-width-slicer-slider/OPR/index.html]
